<?xml version="1.0" encoding="UTF-8"?>
<testsuite name="unitarias.dominio.JuegoTest" tests="2" skipped="0" failures="0" errors="0" timestamp="2020-06-12T00:32:49" hostname="DESKTOP-QFQT2KQ" time="0.069">
  <properties/>
  <testcase name="crearJuegoBaseball()" classname="unitarias.dominio.JuegoTest" time="0.054"/>
  <testcase name="crearJuegoConDosEquipos()" classname="unitarias.dominio.JuegoTest" time="0.013"/>
  <system-out><![CDATA[]]></system-out>
  <system-err><![CDATA[]]></system-err>
</testsuite>
